<?xml version="1.0" encoding="UTF-8"?>
<!-- Generated by org.testng.reporters.JUnitReportReporter -->
<testsuite skipped="0" hostname="test-PC" name="Demo.Test1" tests="1" failures="0" timestamp="2020-06-20T20:10:35 IST" time="64.950" errors="0">
  <testcase name="test1" time="64.950" classname="Demo.Test1"/>
  <system-out/>
</testsuite> <!-- Demo.Test1 -->
