<?xml version="1.0" encoding="UTF-8"?>
<!-- Generated by org.testng.reporters.JUnitReportReporter -->
<testsuite skipped="0" hostname="test-PC" name="Demo.TestNGDependencyDemo" tests="3" failures="0" timestamp="2020-06-20T14:30:54 IST" time="0.378" errors="0">
  <testcase name="test1" time="0.036" classname="Demo.TestNGDependencyDemo"/>
  <system-out/>
  <testcase name="test2" time="0.335" classname="Demo.TestNGDependencyDemo"/>
  <system-out/>
  <testcase name="test3" time="0.007" classname="Demo.TestNGDependencyDemo"/>
  <system-out/>
</testsuite> <!-- Demo.TestNGDependencyDemo -->
