<?xml version="1.0" encoding="UTF-8"?>
<!-- Generated by org.testng.reporters.JUnitReportReporter -->
<testsuite skipped="1" hostname="test-PC" name="Demo.TestNGIgnoreDemo" tests="3" failures="0" timestamp="2020-06-20T15:59:14 IST" time="0.027" errors="0">
  <testcase name="test3" time="0.005" classname="Demo.TestNGIgnoreDemo"/>
  <system-out/>
  <testcase name="test2" time="0.022" classname="Demo.TestNGIgnoreDemo"/>
  <system-out/>
  <testcase name="test1" classname="Demo.TestNGIgnoreDemo">
    <skipped/>
  </testcase> <!-- test1 -->
  <system-out/>
</testsuite> <!-- Demo.TestNGIgnoreDemo -->
