<?xml version="1.0" encoding="UTF-8"?>
<!-- Generated by org.testng.reporters.JUnitReportReporter -->
<testsuite skipped="0" hostname="test-PC" name="test.FareBuzzHomePage_TestNGdemo" tests="1" failures="0" timestamp="2020-06-13T20:36:21 IST" time="137.176" errors="0">
  <testcase name="LoginWithB2BUser" time="137.176" classname="test.FareBuzzHomePage_TestNGdemo"/>
  <system-out/>
</testsuite> <!-- test.FareBuzzHomePage_TestNGdemo -->
