<?xml version="1.0" encoding="UTF-8"?>
<!-- Generated by org.testng.reporters.JUnitReportReporter -->
<testsuite skipped="0" hostname="test-PC" name="test.ExtentReportDemoWidTestNG" tests="1" failures="0" timestamp="2020-07-27T15:29:09 IST" time="34.414" errors="0">
  <testcase name="Test1" time="34.414" classname="test.ExtentReportDemoWidTestNG"/>
  <system-out/>
</testsuite> <!-- test.ExtentReportDemoWidTestNG -->
