<?xml version="1.0" encoding="UTF-8"?>
<!-- Generated by org.testng.reporters.JUnitReportReporter -->
<testsuite skipped="0" hostname="test-PC" name="Demo.TestNgMultiBrowserDemo" tests="1" failures="0" timestamp="2020-06-20T13:06:16 IST" time="22.926" errors="0">
  <testcase name="test" time="22.926" classname="Demo.TestNgMultiBrowserDemo"/>
  <system-out/>
</testsuite> <!-- Demo.TestNgMultiBrowserDemo -->
