<?xml version="1.0" encoding="UTF-8"?>
<!-- Generated by org.testng.reporters.JUnitReportReporter -->
<testsuite skipped="0" hostname="test-PC" name="test.FareBuzzHomePage_TestNGdemo2" tests="1" failures="0" timestamp="2020-06-13T20:36:22 IST" time="187.459" errors="0">
  <testcase name="LoginWithB2BUserTwo" time="187.459" classname="test.FareBuzzHomePage_TestNGdemo2"/>
  <system-out/>
</testsuite> <!-- test.FareBuzzHomePage_TestNGdemo2 -->
