<?xml version="1.0" encoding="UTF-8"?>
<!-- Generated by org.testng.reporters.JUnitReportReporter -->
<testsuite skipped="0" hostname="test-PC" name="Demo.TestNGParametersDemo" tests="1" failures="0" timestamp="2020-06-20T14:18:42 IST" time="0.129" errors="0">
  <testcase name="test" time="0.129" classname="Demo.TestNGParametersDemo"/>
  <system-out/>
</testsuite> <!-- Demo.TestNGParametersDemo -->
