<?xml version="1.0" encoding="UTF-8"?>
<!-- Generated by org.testng.reporters.JUnitReportReporter -->
<testsuite skipped="0" hostname="test-PC" name="Demo.TestNGGroupsDemo" tests="2" failures="0" timestamp="2020-06-20T13:42:46 IST" time="0.040" errors="0">
  <testcase name="test3" time="0.000" classname="Demo.TestNGGroupsDemo"/>
  <system-out/>
  <testcase name="test2" time="0.040" classname="Demo.TestNGGroupsDemo"/>
  <system-out/>
</testsuite> <!-- Demo.TestNGGroupsDemo -->
