<?xml version="1.0" encoding="UTF-8"?>
<!-- Generated by org.testng.reporters.JUnitReportReporter -->
<testsuite skipped="0" hostname="test-PC" name="test.ExtentReportDemoWidTestNG" tests="1" failures="0" timestamp="2020-06-12T20:22:28 IST" time="20.288" errors="0">
  <testcase name="Test1" time="20.288" classname="test.ExtentReportDemoWidTestNG"/>
  <system-out/>
</testsuite> <!-- test.ExtentReportDemoWidTestNG -->
